<?xml version="1.0" encoding="UTF-8"?>
<!-- Generated by org.testng.reporters.JUnitXMLReporter -->
<testsuite ignored="0" hostname="DESKTOP-UMEFVFH" failures="1" tests="1" name="mytest" time="35.002" errors="0" timestamp="2024-03-23T14:47:12 IST">
  <testcase classname="testcases.TC_004_SearchProductTest" name="VerifysearchProductTest" time="0.069">
    <failure type="java.lang.AssertionError" message="null">
      <![CDATA[java.lang.AssertionError: null
at testcases.TC_004_SearchProductTest.VerifysearchProductTest(TC_004_SearchProductTest.java:41)
at java.base/java.util.ArrayList.forEach(ArrayList.java:1511)
... Removed 27 stack frames]]>
    </failure>
  </testcase> <!-- VerifysearchProductTest -->
</testsuite> <!-- mytest -->
