<?xml version="1.0" encoding="UTF-8"?>
<!-- Generated by org.testng.reporters.JUnitXMLReporter -->
<testsuite ignored="0" hostname="DESKTOP-UMEFVFH" failures="1" tests="2" name="EdgeTest" time="85.576" errors="0" timestamp="2024-03-20T20:41:45 IST">
  <testcase classname="testcases.TC__001_AccountRegistrationTest" name="verify_account_registration" time="20.619">
    <failure type="java.lang.AssertionError" message="null">
      <![CDATA[java.lang.AssertionError: null
at testcases.TC__001_AccountRegistrationTest.verify_account_registration(TC__001_AccountRegistrationTest.java:60)
at java.base/java.util.ArrayList.forEach(ArrayList.java:1511)
at java.base/java.util.concurrent.FutureTask.run(FutureTask.java:317)
at java.base/java.util.concurrent.ThreadPoolExecutor.runWorker(ThreadPoolExecutor.java:1144)
at java.base/java.util.concurrent.ThreadPoolExecutor$Worker.run(ThreadPoolExecutor.java:642)
at java.base/java.lang.Thread.run(Thread.java:1623)
... Removed 17 stack frames]]>
    </failure>
  </testcase> <!-- verify_account_registration -->
  <testcase classname="testcases.TC_002_LoginTest" name="verify_Login_Test" time="0.0">
    <skipped/>
  </testcase> <!-- verify_Login_Test -->
</testsuite> <!-- EdgeTest -->
