<?xml version="1.0" encoding="UTF-8"?>
<!-- Generated by org.testng.reporters.JUnitXMLReporter -->
<testsuite ignored="0" hostname="DESKTOP-UMEFVFH" failures="1" tests="1" name="Test(failed)" time="14.186" errors="0" timestamp="2024-03-21T22:27:04 IST">
  <testcase classname="testcases.TC__001_AccountRegistrationTest" name="verify_account_registration" time="3.364">
    <failure type="java.lang.AssertionError" message="null">
      <![CDATA[java.lang.AssertionError: null
at testcases.TC__001_AccountRegistrationTest.verify_account_registration(TC__001_AccountRegistrationTest.java:53)
at java.base/java.util.ArrayList.forEach(ArrayList.java:1511)
... Removed 27 stack frames]]>
    </failure>
  </testcase> <!-- verify_account_registration -->
</testsuite> <!-- Test(failed) -->
